This file contains any messages produced by compilers while
running configure, to aid debugging if configure makes a mistake.

It was created by libsecp256k1 configure 0.1, which was
generated by GNU Autoconf 2.71.  Invocation command line was

  $ ./configure --disable-option-checking --prefix=/root/SmartCash3/core-smart/depends/x86_64-pc-linux-gnu --disable-tests --disable-bench --disable-shared --with-pic --with-bignum=no --enable-module-recovery --disable-jni --cache-file=/dev/null --srcdir=.

## --------- ##
## Platform. ##
## --------- ##

hostname = opencode
uname -m = x86_64
uname -r = 7.0.6-2-pve
uname -s = Linux
uname -v = #1 SMP PREEMPT_DYNAMIC PMX 7.0.6-2 (2026-05-29T11:08Z)

/usr/bin/uname -p = x86_64
/bin/uname -X     = unknown

/bin/arch              = x86_64
/usr/bin/arch -k       = unknown
/usr/convex/getsysinfo = unknown
/usr/bin/hostinfo      = unknown
/bin/machine           = unknown
/usr/bin/oslevel       = unknown
/bin/universe          = unknown

PATH: /root/SmartCash3/core-smart/depends/x86_64-pc-linux-gnu/share/../native/bin/
PATH: /root/.opencode/bin/
PATH: /usr/local/sbin/
PATH: /usr/local/bin/
PATH: /usr/sbin/
PATH: /usr/bin/
PATH: /sbin/
PATH: /bin/


## ----------- ##
## Core tests. ##
## ----------- ##

configure:2232: loading site script /root/SmartCash3/core-smart/depends/x86_64-pc-linux-gnu/share/config.site
| depends_prefix="`dirname ${ac_site_file}`/.."
| 
| cross_compiling=maybe
| host_alias=x86_64-pc-linux-gnu
| ac_tool_prefix=${host_alias}-
| 
| if test -z $with_boost; then
|   with_boost=$depends_prefix
| fi
| if test -z $with_qt_plugindir; then
|   with_qt_plugindir=$depends_prefix/plugins
| fi
| if test -z $with_qt_translationdir; then
|   with_qt_translationdir=$depends_prefix/translations
| fi
| if test -z $with_qt_bindir; then
|   with_qt_bindir=$depends_prefix/native/bin
| fi
| if test -z $with_protoc_bindir; then
|   with_protoc_bindir=$depends_prefix/native/bin
| fi
| if test -z $with_comparison_tool; then
|   with_comparison_tool=$depends_prefix/native/share/BitcoindComparisonTool_jar/BitcoindComparisonTool.jar
| fi
| 
| 
| if test -z $enable_wallet && test -n ""; then
|   enable_wallet=no
| fi
| 
| if test -z $with_miniupnpc && test -n ""; then
|   with_miniupnpc=no
| fi
| 
| if test -z $with_gui && test -n ""; then
|   with_gui=no
| fi
| 
| if test xlinux = xdarwin; then
|   BREW=no
|   PORT=no
| fi
| 
| if test xlinux = xmingw32; then
|   if test -z $with_qt_incdir; then
|     with_qt_incdir=$depends_prefix/include
|   fi
|   if test -z $with_qt_libdir; then
|     with_qt_libdir=$depends_prefix/lib
|   fi
| fi
| 
| PATH=$depends_prefix/native/bin:$PATH
| PKG_CONFIG="`which pkg-config` --static"
| 
| # These two need to remain exported because pkg-config does not see them
| # otherwise. That means they must be unexported at the end of configure.ac to
| # avoid ruining the cache. Sigh.
| 
| export PKG_CONFIG_LIBDIR=$depends_prefix/lib/pkgconfig
| export PKG_CONFIG_PATH=$depends_prefix/share/pkgconfig
| 
| CPPFLAGS="-I$depends_prefix/include/ $CPPFLAGS"
| LDFLAGS="-L$depends_prefix/lib $LDFLAGS"
| 
| CC="gcc -m64"
| CXX="g++ -m64"
| OBJC="${CC}"
| OBJCXX="${CXX}"
| 
| PYTHONPATH=$depends_prefix/native/lib/python/dist-packages:$PYTHONPATH
| 
| if test -n "ar"; then
|   AR=ar
|   ac_cv_path_ac_pt_AR=${AR}
| fi
| 
| if test -n "ranlib"; then
|   RANLIB=ranlib
|   ac_cv_path_ac_pt_RANLIB=${RANLIB}
| fi
| 
| if test -n "nm"; then
|   NM=nm
|   ac_cv_path_ac_pt_NM=${NM}
| fi
| 
| if test -n ""; then
|   enable_reduce_exports=no
| fi
| 
| if test -n "-pipe -O2"; then
|   CFLAGS="-pipe -O2 $CFLAGS"
| fi
| if test -n "-pipe -O2"; then
|   CXXFLAGS="-pipe -O2 $CXXFLAGS"
| fi
| if test -n ""; then
|   CPPFLAGS=" $CPPFLAGS"
| fi
| if test -n ""; then
|   LDFLAGS=" $LDFLAGS"
| fi
configure:2591: looking for aux files: compile ltmain.sh missing install-sh config.guess config.sub
configure:2604:  trying ./build-aux/
configure:2633:   ./build-aux/compile found
configure:2633:   ./build-aux/ltmain.sh found
configure:2633:   ./build-aux/missing found
configure:2615:   ./build-aux/install-sh found
configure:2633:   ./build-aux/config.guess found
configure:2633:   ./build-aux/config.sub found
configure:2753: checking build system type
configure:2768: result: x86_64-pc-linux-gnu
configure:2788: checking host system type
configure:2802: result: x86_64-pc-linux-gnu
configure:2842: checking for a BSD-compatible install
configure:2915: result: /usr/bin/install -c
configure:2926: checking whether build environment is sane
configure:2981: result: yes
configure:3037: checking for x86_64-pc-linux-gnu-strip
configure:3072: result: no
configure:3082: checking for strip
configure:3103: found /usr/bin/strip
configure:3114: result: strip
configure:3140: checking for a race-free mkdir -p
configure:3184: result: /usr/bin/mkdir -p
configure:3191: checking for gawk
configure:3226: result: no
configure:3191: checking for mawk
configure:3212: found /usr/bin/mawk
configure:3223: result: mawk
configure:3234: checking whether make sets $(MAKE)
configure:3257: result: yes
configure:3287: checking whether make supports nested variables
configure:3305: result: yes
configure:3488: checking how to print strings
configure:3515: result: printf
configure:3549: checking whether make supports the include directive
configure:3564: make -f confmf.GNU && cat confinc.out
this is the am__doit target
configure:3567: $? = 0
configure:3586: result: yes (GNU style)
configure:3617: checking for x86_64-pc-linux-gnu-gcc
configure:3649: result: gcc -m64
configure:4047: checking for C compiler version
configure:4056: gcc -m64 --version >&5
gcc (Ubuntu 13.3.0-6ubuntu2~24.04.1) 13.3.0
Copyright (C) 2023 Free Software Foundation, Inc.
This is free software; see the source for copying conditions.  There is NO
warranty; not even for MERCHANTABILITY or FITNESS FOR A PARTICULAR PURPOSE.

configure:4067: $? = 0
configure:4056: gcc -m64 -v >&5
Using built-in specs.
COLLECT_GCC=gcc
COLLECT_LTO_WRAPPER=/usr/libexec/gcc/x86_64-linux-gnu/13/lto-wrapper
OFFLOAD_TARGET_NAMES=nvptx-none:amdgcn-amdhsa
OFFLOAD_TARGET_DEFAULT=1
Target: x86_64-linux-gnu
Configured with: ../src/configure -v --with-pkgversion='Ubuntu 13.3.0-6ubuntu2~24.04.1' --with-bugurl=file:///usr/share/doc/gcc-13/README.Bugs --enable-languages=c,ada,c++,go,d,fortran,objc,obj-c++,m2 --prefix=/usr --with-gcc-major-version-only --program-suffix=-13 --program-prefix=x86_64-linux-gnu- --enable-shared --enable-linker-build-id --libexecdir=/usr/libexec --without-included-gettext --enable-threads=posix --libdir=/usr/lib --enable-nls --enable-bootstrap --enable-clocale=gnu --enable-libstdcxx-debug --enable-libstdcxx-time=yes --with-default-libstdcxx-abi=new --enable-libstdcxx-backtrace --enable-gnu-unique-object --disable-vtable-verify --enable-plugin --enable-default-pie --with-system-zlib --enable-libphobos-checking=release --with-target-system-zlib=auto --enable-objc-gc=auto --enable-multiarch --disable-werror --enable-cet --with-arch-32=i686 --with-abi=m64 --with-multilib-list=m32,m64,mx32 --enable-multilib --with-tune=generic --enable-offload-targets=nvptx-none=/build/gcc-13-EldibY/gcc-13-13.3.0/debian/tmp-nvptx/usr,amdgcn-amdhsa=/build/gcc-13-EldibY/gcc-13-13.3.0/debian/tmp-gcn/usr --enable-offload-defaulted --without-cuda-driver --enable-checking=release --build=x86_64-linux-gnu --host=x86_64-linux-gnu --target=x86_64-linux-gnu --with-build-config=bootstrap-lto-lean --enable-link-serialization=2
Thread model: posix
Supported LTO compression algorithms: zlib zstd
gcc version 13.3.0 (Ubuntu 13.3.0-6ubuntu2~24.04.1) 
... rest of stderr output deleted ...
configure:4067: $? = 0
configure:4056: gcc -m64 -V >&5
gcc: error: unrecognized command-line option '-V'
gcc: fatal error: no input files
compilation terminated.
configure:4067: $? = 1
configure:4056: gcc -m64 -qversion >&5
gcc: error: unrecognized command-line option '-qversion'; did you mean '--version'?
gcc: fatal error: no input files
compilation terminated.
configure:4067: $? = 1
configure:4056: gcc -m64 -version >&5
gcc: error: unrecognized command-line option '-version'
gcc: fatal error: no input files
compilation terminated.
configure:4067: $? = 1
configure:4087: checking whether the C compiler works
configure:4109: gcc -m64 -pipe -O2  -I/root/SmartCash3/core-smart/depends/x86_64-pc-linux-gnu/share/../include/  -L/root/SmartCash3/core-smart/depends/x86_64-pc-linux-gnu/share/../lib  conftest.c  >&5
configure:4113: $? = 0
configure:4163: result: yes
configure:4166: checking for C compiler default output file name
configure:4168: result: a.out
configure:4174: checking for suffix of executables
configure:4181: gcc -m64 -o conftest -pipe -O2  -I/root/SmartCash3/core-smart/depends/x86_64-pc-linux-gnu/share/../include/  -L/root/SmartCash3/core-smart/depends/x86_64-pc-linux-gnu/share/../lib  conftest.c  >&5
configure:4185: $? = 0
configure:4208: result: 
configure:4230: checking whether we are cross compiling
configure:4238: gcc -m64 -o conftest -pipe -O2  -I/root/SmartCash3/core-smart/depends/x86_64-pc-linux-gnu/share/../include/  -L/root/SmartCash3/core-smart/depends/x86_64-pc-linux-gnu/share/../lib  conftest.c  >&5
configure:4242: $? = 0
configure:4249: ./conftest
configure:4253: $? = 0
configure:4268: result: no
configure:4273: checking for suffix of object files
configure:4296: gcc -m64 -c -pipe -O2  -I/root/SmartCash3/core-smart/depends/x86_64-pc-linux-gnu/share/../include/  conftest.c >&5
configure:4300: $? = 0
configure:4322: result: o
configure:4326: checking whether the compiler supports GNU C
configure:4346: gcc -m64 -c -pipe -O2  -I/root/SmartCash3/core-smart/depends/x86_64-pc-linux-gnu/share/../include/  conftest.c >&5
configure:4346: $? = 0
configure:4356: result: yes
configure:4367: checking whether gcc -m64 accepts -g
configure:4388: gcc -m64 -c -g -I/root/SmartCash3/core-smart/depends/x86_64-pc-linux-gnu/share/../include/  conftest.c >&5
configure:4388: $? = 0
configure:4432: result: yes
configure:4452: checking for gcc -m64 option to enable C11 features
configure:4467: gcc -m64  -c -pipe -O2  -I/root/SmartCash3/core-smart/depends/x86_64-pc-linux-gnu/share/../include/  conftest.c >&5
configure:4467: $? = 0
configure:4485: result: none needed
configure:4601: checking whether gcc -m64 understands -c and -o together
configure:4624: gcc -m64 -c conftest.c -o conftest2.o
configure:4627: $? = 0
configure:4624: gcc -m64 -c conftest.c -o conftest2.o
configure:4627: $? = 0
configure:4639: result: yes
configure:4658: checking dependency style of gcc -m64
configure:4770: result: gcc3
configure:4785: checking for a sed that does not truncate output
configure:4855: result: /usr/bin/sed
configure:4873: checking for grep that handles long lines and -e
configure:4937: result: /usr/bin/grep
configure:4942: checking for egrep
configure:5010: result: /usr/bin/grep -E
configure:5015: checking for fgrep
configure:5083: result: /usr/bin/grep -F
configure:5119: checking for ld used by gcc -m64
configure:5187: result: /usr/bin/ld
configure:5194: checking if the linker (/usr/bin/ld) is GNU ld
configure:5210: result: yes
configure:5222: checking for BSD- or MS-compatible name lister (nm)
configure:5277: result: nm
configure:5417: checking the name lister (nm) interface
configure:5425: gcc -m64 -c -pipe -O2  -I/root/SmartCash3/core-smart/depends/x86_64-pc-linux-gnu/share/../include/  conftest.c >&5
configure:5428: nm "conftest.o"
configure:5431: output
0000000000000000 B some_variable
configure:5438: result: BSD nm
configure:5441: checking whether ln -s works
configure:5445: result: yes
configure:5453: checking the maximum length of command line arguments
configure:5585: result: 1572864
configure:5633: checking how to convert x86_64-pc-linux-gnu file names to x86_64-pc-linux-gnu format
configure:5674: result: func_convert_file_noop
configure:5681: checking how to convert x86_64-pc-linux-gnu file names to toolchain format
configure:5702: result: func_convert_file_noop
configure:5709: checking for /usr/bin/ld option to reload object files
configure:5717: result: -r
configure:5751: checking for x86_64-pc-linux-gnu-file
configure:5786: result: no
configure:5796: checking for file
configure:5817: found /usr/bin/file
configure:5828: result: file
configure:5859: checking for x86_64-pc-linux-gnu-objdump
configure:5894: result: no
configure:5904: checking for objdump
configure:5925: found /usr/bin/objdump
configure:5936: result: objdump
configure:5968: checking how to recognize dependent libraries
configure:6169: result: pass_all
configure:6214: checking for x86_64-pc-linux-gnu-dlltool
configure:6249: result: no
configure:6259: checking for dlltool
configure:6294: result: no
configure:6324: checking how to associate runtime and link libraries
configure:6352: result: printf %s\n
configure:6369: checking for x86_64-pc-linux-gnu-ar
configure:6401: result: ar
configure:6503: checking for archiver @FILE support
configure:6521: gcc -m64 -c -pipe -O2  -I/root/SmartCash3/core-smart/depends/x86_64-pc-linux-gnu/share/../include/  conftest.c >&5
configure:6521: $? = 0
configure:6525: ar cr libconftest.a @conftest.lst >&5
configure:6528: $? = 0
configure:6533: ar cr libconftest.a @conftest.lst >&5
ar: conftest.o: No such file or directory
configure:6536: $? = 1
configure:6548: result: @
configure:6566: checking for x86_64-pc-linux-gnu-strip
configure:6598: result: strip
configure:6675: checking for x86_64-pc-linux-gnu-ranlib
configure:6707: result: ranlib
configure:6854: checking command to parse nm output from gcc -m64 object
configure:7008: gcc -m64 -c -pipe -O2  -I/root/SmartCash3/core-smart/depends/x86_64-pc-linux-gnu/share/../include/  conftest.c >&5
configure:7011: $? = 0
configure:7015: nm conftest.o | /usr/bin/sed -n -e 's/^.*[	 ]\([ABCDGIRSTW][ABCDGIRSTW]*\)[	 ][	 ]*\([_A-Za-z][_A-Za-z0-9]*\)$/\1 \2 \2/p' | /usr/bin/sed '/ __gnu_lto/d' > conftest.nm
configure:7081: gcc -m64 -o conftest -pipe -O2  -I/root/SmartCash3/core-smart/depends/x86_64-pc-linux-gnu/share/../include/  -L/root/SmartCash3/core-smart/depends/x86_64-pc-linux-gnu/share/../lib  conftest.c conftstm.o >&5
configure:7084: $? = 0
configure:7122: result: ok
configure:7169: checking for sysroot
configure:7200: result: no
configure:7207: checking for a working dd
configure:7251: result: /usr/bin/dd
configure:7255: checking how to truncate binary pipes
configure:7271: result: /usr/bin/dd bs=4096 count=1
configure:7408: gcc -m64 -c -pipe -O2  -I/root/SmartCash3/core-smart/depends/x86_64-pc-linux-gnu/share/../include/  conftest.c >&5
configure:7411: $? = 0
configure:7563: checking for x86_64-pc-linux-gnu-mt
configure:7598: result: no
configure:7608: checking for mt
configure:7629: found /usr/bin/mt
configure:7640: result: mt
configure:7663: checking if mt is a manifest tool
configure:7670: mt '-?'
configure:7678: result: no
configure:8403: checking for stdio.h
configure:8403: gcc -m64 -c -pipe -O2  -I/root/SmartCash3/core-smart/depends/x86_64-pc-linux-gnu/share/../include/  conftest.c >&5
configure:8403: $? = 0
configure:8403: result: yes
configure:8403: checking for stdlib.h
configure:8403: gcc -m64 -c -pipe -O2  -I/root/SmartCash3/core-smart/depends/x86_64-pc-linux-gnu/share/../include/  conftest.c >&5
configure:8403: $? = 0
configure:8403: result: yes
configure:8403: checking for string.h
configure:8403: gcc -m64 -c -pipe -O2  -I/root/SmartCash3/core-smart/depends/x86_64-pc-linux-gnu/share/../include/  conftest.c >&5
configure:8403: $? = 0
configure:8403: result: yes
configure:8403: checking for inttypes.h
configure:8403: gcc -m64 -c -pipe -O2  -I/root/SmartCash3/core-smart/depends/x86_64-pc-linux-gnu/share/../include/  conftest.c >&5
configure:8403: $? = 0
configure:8403: result: yes
configure:8403: checking for stdint.h
configure:8403: gcc -m64 -c -pipe -O2  -I/root/SmartCash3/core-smart/depends/x86_64-pc-linux-gnu/share/../include/  conftest.c >&5
configure:8403: $? = 0
configure:8403: result: yes
configure:8403: checking for strings.h
configure:8403: gcc -m64 -c -pipe -O2  -I/root/SmartCash3/core-smart/depends/x86_64-pc-linux-gnu/share/../include/  conftest.c >&5
configure:8403: $? = 0
configure:8403: result: yes
configure:8403: checking for sys/stat.h
configure:8403: gcc -m64 -c -pipe -O2  -I/root/SmartCash3/core-smart/depends/x86_64-pc-linux-gnu/share/../include/  conftest.c >&5
configure:8403: $? = 0
configure:8403: result: yes
configure:8403: checking for sys/types.h
configure:8403: gcc -m64 -c -pipe -O2  -I/root/SmartCash3/core-smart/depends/x86_64-pc-linux-gnu/share/../include/  conftest.c >&5
configure:8403: $? = 0
configure:8403: result: yes
configure:8403: checking for unistd.h
configure:8403: gcc -m64 -c -pipe -O2  -I/root/SmartCash3/core-smart/depends/x86_64-pc-linux-gnu/share/../include/  conftest.c >&5
configure:8403: $? = 0
configure:8403: result: yes
configure:8428: checking for dlfcn.h
configure:8428: gcc -m64 -c -pipe -O2  -I/root/SmartCash3/core-smart/depends/x86_64-pc-linux-gnu/share/../include/  conftest.c >&5
configure:8428: $? = 0
configure:8428: result: yes
configure:8687: checking for objdir
configure:8703: result: .libs
configure:8967: checking if gcc -m64 supports -fno-rtti -fno-exceptions
configure:8986: gcc -m64 -c -pipe -O2  -I/root/SmartCash3/core-smart/depends/x86_64-pc-linux-gnu/share/../include/  -fno-rtti -fno-exceptions conftest.c >&5
cc1: warning: command-line option '-fno-rtti' is valid for C++/D/ObjC++ but not for C
configure:8990: $? = 0
configure:9003: result: no
configure:9367: checking for gcc -m64 option to produce PIC
configure:9375: result: -fPIC -DPIC
configure:9383: checking if gcc -m64 PIC flag -fPIC -DPIC works
configure:9402: gcc -m64 -c -pipe -O2  -I/root/SmartCash3/core-smart/depends/x86_64-pc-linux-gnu/share/../include/  -fPIC -DPIC -DPIC conftest.c >&5
configure:9406: $? = 0
configure:9419: result: yes
configure:9448: checking if gcc -m64 static flag -static works
configure:9477: result: yes
configure:9492: checking if gcc -m64 supports -c -o file.o
configure:9514: gcc -m64 -c -pipe -O2  -I/root/SmartCash3/core-smart/depends/x86_64-pc-linux-gnu/share/../include/  -o out/conftest2.o conftest.c >&5
configure:9518: $? = 0
configure:9540: result: yes
configure:9548: checking if gcc -m64 supports -c -o file.o
configure:9596: result: yes
configure:9629: checking whether the gcc -m64 linker (/usr/bin/ld -m elf_x86_64) supports shared libraries
configure:10903: result: yes
configure:11144: checking dynamic linker characteristics
configure:11726: gcc -m64 -o conftest -pipe -O2  -I/root/SmartCash3/core-smart/depends/x86_64-pc-linux-gnu/share/../include/  -L/root/SmartCash3/core-smart/depends/x86_64-pc-linux-gnu/share/../lib  -Wl,-rpath -Wl,/foo conftest.c  >&5
configure:11726: $? = 0
configure:11977: result: GNU/Linux ld.so
configure:12099: checking how to hardcode library paths into programs
configure:12124: result: immediate
configure:12676: checking whether stripping libraries is possible
configure:12685: result: yes
configure:12727: checking if libtool supports shared libraries
configure:12729: result: yes
configure:12732: checking whether to build shared libraries
configure:12757: result: no
configure:12760: checking whether to build static libraries
configure:12764: result: yes
configure:12814: checking whether make supports nested variables
configure:12832: result: yes
configure:12855: checking for x86_64-pc-linux-gnu-pkg-config
configure:12890: result: /usr/bin/pkg-config --static
configure:12963: checking pkg-config is at least version 0.9.0
configure:12966: result: yes
configure:12978: checking for x86_64-pc-linux-gnu-ar
configure:13016: result: no
configure:13026: checking for ar
configure:13061: result: ar
configure:13086: checking for x86_64-pc-linux-gnu-ranlib
configure:13124: result: no
configure:13134: checking for ranlib
configure:13169: result: ranlib
configure:13194: checking for x86_64-pc-linux-gnu-strip
configure:13232: result: no
configure:13242: checking for strip
configure:13265: found /usr/bin/strip
configure:13277: result: /usr/bin/strip
configure:13304: checking how to run the C preprocessor
configure:13330: gcc -m64 -E -I/root/SmartCash3/core-smart/depends/x86_64-pc-linux-gnu/share/../include/  conftest.c
configure:13330: $? = 0
configure:13345: gcc -m64 -E -I/root/SmartCash3/core-smart/depends/x86_64-pc-linux-gnu/share/../include/  conftest.c
conftest.c:23:10: fatal error: ac_nonexistent.h: No such file or directory
   23 | #include <ac_nonexistent.h>
      |          ^~~~~~~~~~~~~~~~~~
compilation terminated.
configure:13345: $? = 1
configure: failed program was:
| /* confdefs.h */
| #define PACKAGE_NAME "libsecp256k1"
| #define PACKAGE_TARNAME "libsecp256k1"
| #define PACKAGE_VERSION "0.1"
| #define PACKAGE_STRING "libsecp256k1 0.1"
| #define PACKAGE_BUGREPORT ""
| #define PACKAGE_URL ""
| #define PACKAGE "libsecp256k1"
| #define VERSION "0.1"
| #define HAVE_STDIO_H 1
| #define HAVE_STDLIB_H 1
| #define HAVE_STRING_H 1
| #define HAVE_INTTYPES_H 1
| #define HAVE_STDINT_H 1
| #define HAVE_STRINGS_H 1
| #define HAVE_SYS_STAT_H 1
| #define HAVE_SYS_TYPES_H 1
| #define HAVE_UNISTD_H 1
| #define STDC_HEADERS 1
| #define HAVE_DLFCN_H 1
| #define LT_OBJDIR ".libs/"
| /* end confdefs.h.  */
| #include <ac_nonexistent.h>
configure:13372: result: gcc -m64 -E
configure:13386: gcc -m64 -E -I/root/SmartCash3/core-smart/depends/x86_64-pc-linux-gnu/share/../include/  conftest.c
configure:13386: $? = 0
configure:13401: gcc -m64 -E -I/root/SmartCash3/core-smart/depends/x86_64-pc-linux-gnu/share/../include/  conftest.c
conftest.c:23:10: fatal error: ac_nonexistent.h: No such file or directory
   23 | #include <ac_nonexistent.h>
      |          ^~~~~~~~~~~~~~~~~~
compilation terminated.
configure:13401: $? = 1
configure: failed program was:
| /* confdefs.h */
| #define PACKAGE_NAME "libsecp256k1"
| #define PACKAGE_TARNAME "libsecp256k1"
| #define PACKAGE_VERSION "0.1"
| #define PACKAGE_STRING "libsecp256k1 0.1"
| #define PACKAGE_BUGREPORT ""
| #define PACKAGE_URL ""
| #define PACKAGE "libsecp256k1"
| #define VERSION "0.1"
| #define HAVE_STDIO_H 1
| #define HAVE_STDLIB_H 1
| #define HAVE_STRING_H 1
| #define HAVE_INTTYPES_H 1
| #define HAVE_STDINT_H 1
| #define HAVE_STRINGS_H 1
| #define HAVE_SYS_STAT_H 1
| #define HAVE_SYS_TYPES_H 1
| #define HAVE_UNISTD_H 1
| #define STDC_HEADERS 1
| #define HAVE_DLFCN_H 1
| #define LT_OBJDIR ".libs/"
| /* end confdefs.h.  */
| #include <ac_nonexistent.h>
configure:13492: checking for gcc
configure:13513: found /usr/bin/gcc
configure:13524: result: gcc
configure:13877: checking for C compiler version
configure:13886: gcc --version >&5
gcc (Ubuntu 13.3.0-6ubuntu2~24.04.1) 13.3.0
Copyright (C) 2023 Free Software Foundation, Inc.
This is free software; see the source for copying conditions.  There is NO
warranty; not even for MERCHANTABILITY or FITNESS FOR A PARTICULAR PURPOSE.

configure:13897: $? = 0
configure:13886: gcc -v >&5
Using built-in specs.
COLLECT_GCC=gcc
COLLECT_LTO_WRAPPER=/usr/libexec/gcc/x86_64-linux-gnu/13/lto-wrapper
OFFLOAD_TARGET_NAMES=nvptx-none:amdgcn-amdhsa
OFFLOAD_TARGET_DEFAULT=1
Target: x86_64-linux-gnu
Configured with: ../src/configure -v --with-pkgversion='Ubuntu 13.3.0-6ubuntu2~24.04.1' --with-bugurl=file:///usr/share/doc/gcc-13/README.Bugs --enable-languages=c,ada,c++,go,d,fortran,objc,obj-c++,m2 --prefix=/usr --with-gcc-major-version-only --program-suffix=-13 --program-prefix=x86_64-linux-gnu- --enable-shared --enable-linker-build-id --libexecdir=/usr/libexec --without-included-gettext --enable-threads=posix --libdir=/usr/lib --enable-nls --enable-bootstrap --enable-clocale=gnu --enable-libstdcxx-debug --enable-libstdcxx-time=yes --with-default-libstdcxx-abi=new --enable-libstdcxx-backtrace --enable-gnu-unique-object --disable-vtable-verify --enable-plugin --enable-default-pie --with-system-zlib --enable-libphobos-checking=release --with-target-system-zlib=auto --enable-objc-gc=auto --enable-multiarch --disable-werror --enable-cet --with-arch-32=i686 --with-abi=m64 --with-multilib-list=m32,m64,mx32 --enable-multilib --with-tune=generic --enable-offload-targets=nvptx-none=/build/gcc-13-EldibY/gcc-13-13.3.0/debian/tmp-nvptx/usr,amdgcn-amdhsa=/build/gcc-13-EldibY/gcc-13-13.3.0/debian/tmp-gcn/usr --enable-offload-defaulted --without-cuda-driver --enable-checking=release --build=x86_64-linux-gnu --host=x86_64-linux-gnu --target=x86_64-linux-gnu --with-build-config=bootstrap-lto-lean --enable-link-serialization=2
Thread model: posix
Supported LTO compression algorithms: zlib zstd
gcc version 13.3.0 (Ubuntu 13.3.0-6ubuntu2~24.04.1) 
... rest of stderr output deleted ...
configure:13897: $? = 0
configure:13886: gcc -V >&5
gcc: error: unrecognized command-line option '-V'
gcc: fatal error: no input files
compilation terminated.
configure:13897: $? = 1
configure:13886: gcc -qversion >&5
gcc: error: unrecognized command-line option '-qversion'; did you mean '--version'?
gcc: fatal error: no input files
compilation terminated.
configure:13897: $? = 1
configure:13886: gcc -version >&5
gcc: error: unrecognized command-line option '-version'
gcc: fatal error: no input files
compilation terminated.
configure:13897: $? = 1
configure:13901: checking whether the compiler supports GNU C
configure:13931: result: yes
configure:13942: checking whether gcc accepts -g
configure:13963: gcc -m64 -c -pipe -O2  -I/root/SmartCash3/core-smart/depends/x86_64-pc-linux-gnu/share/../include/  conftest.c >&5
configure:13963: $? = 0
configure:14007: result: yes
configure:14027: checking for gcc option to enable C11 features
configure:14060: result: none needed
configure:14176: checking whether gcc understands -c and -o together
configure:14214: result: yes
configure:14233: checking dependency style of gcc
configure:14345: result: gcc3
configure:14365: checking how to run the C preprocessor
configure:14391: gcc -m64 -E -I/root/SmartCash3/core-smart/depends/x86_64-pc-linux-gnu/share/../include/  conftest.c
configure:14391: $? = 0
configure:14406: gcc -m64 -E -I/root/SmartCash3/core-smart/depends/x86_64-pc-linux-gnu/share/../include/  conftest.c
conftest.c:23:10: fatal error: ac_nonexistent.h: No such file or directory
   23 | #include <ac_nonexistent.h>
      |          ^~~~~~~~~~~~~~~~~~
compilation terminated.
configure:14406: $? = 1
configure: failed program was:
| /* confdefs.h */
| #define PACKAGE_NAME "libsecp256k1"
| #define PACKAGE_TARNAME "libsecp256k1"
| #define PACKAGE_VERSION "0.1"
| #define PACKAGE_STRING "libsecp256k1 0.1"
| #define PACKAGE_BUGREPORT ""
| #define PACKAGE_URL ""
| #define PACKAGE "libsecp256k1"
| #define VERSION "0.1"
| #define HAVE_STDIO_H 1
| #define HAVE_STDLIB_H 1
| #define HAVE_STRING_H 1
| #define HAVE_INTTYPES_H 1
| #define HAVE_STDINT_H 1
| #define HAVE_STRINGS_H 1
| #define HAVE_SYS_STAT_H 1
| #define HAVE_SYS_TYPES_H 1
| #define HAVE_UNISTD_H 1
| #define STDC_HEADERS 1
| #define HAVE_DLFCN_H 1
| #define LT_OBJDIR ".libs/"
| /* end confdefs.h.  */
| #include <ac_nonexistent.h>
configure:14433: result: gcc -E
configure:14447: gcc -m64 -E -I/root/SmartCash3/core-smart/depends/x86_64-pc-linux-gnu/share/../include/  conftest.c
configure:14447: $? = 0
configure:14462: gcc -m64 -E -I/root/SmartCash3/core-smart/depends/x86_64-pc-linux-gnu/share/../include/  conftest.c
conftest.c:23:10: fatal error: ac_nonexistent.h: No such file or directory
   23 | #include <ac_nonexistent.h>
      |          ^~~~~~~~~~~~~~~~~~
compilation terminated.
configure:14462: $? = 1
configure: failed program was:
| /* confdefs.h */
| #define PACKAGE_NAME "libsecp256k1"
| #define PACKAGE_TARNAME "libsecp256k1"
| #define PACKAGE_VERSION "0.1"
| #define PACKAGE_STRING "libsecp256k1 0.1"
| #define PACKAGE_BUGREPORT ""
| #define PACKAGE_URL ""
| #define PACKAGE "libsecp256k1"
| #define VERSION "0.1"
| #define HAVE_STDIO_H 1
| #define HAVE_STDLIB_H 1
| #define HAVE_STRING_H 1
| #define HAVE_INTTYPES_H 1
| #define HAVE_STDINT_H 1
| #define HAVE_STRINGS_H 1
| #define HAVE_SYS_STAT_H 1
| #define HAVE_SYS_TYPES_H 1
| #define HAVE_UNISTD_H 1
| #define STDC_HEADERS 1
| #define HAVE_DLFCN_H 1
| #define LT_OBJDIR ".libs/"
| /* end confdefs.h.  */
| #include <ac_nonexistent.h>
configure:14521: checking dependency style of gcc -m64
configure:14631: result: gcc3
configure:14767: checking if gcc -m64 supports -std=c89 -pedantic -Wall -Wextra -Wcast-align -Wnested-externs -Wshadow -Wstrict-prototypes -Wno-unused-function -Wno-long-long -Wno-overlength-strings
configure:14773: gcc -m64 -c -pipe -O2  -W -std=c89 -pedantic -Wall -Wextra -Wcast-align -Wnested-externs -Wshadow -Wstrict-prototypes -Wno-unused-function -Wno-long-long -Wno-overlength-strings -I/root/SmartCash3/core-smart/depends/x86_64-pc-linux-gnu/share/../include/  conftest.c >&5
configure:14773: $? = 0
configure:14775: result: yes
configure:14787: checking if gcc -m64 supports -fvisibility=hidden
configure:14793: gcc -m64 -c -pipe -O2  -W -std=c89 -pedantic -Wall -Wextra -Wcast-align -Wnested-externs -Wshadow -Wstrict-prototypes -Wno-unused-function -Wno-long-long -Wno-overlength-strings -fvisibility=hidden -I/root/SmartCash3/core-smart/depends/x86_64-pc-linux-gnu/share/../include/  conftest.c >&5
configure:14793: $? = 0
configure:14795: result: yes
configure:14935: checking for __int128
configure:14935: gcc -m64 -c -pipe -O2  -W -std=c89 -pedantic -Wall -Wextra -Wcast-align -Wnested-externs -Wshadow -Wstrict-prototypes -Wno-unused-function -Wno-long-long -Wno-overlength-strings -fvisibility=hidden -I/root/SmartCash3/core-smart/depends/x86_64-pc-linux-gnu/share/../include/  conftest.c >&5
conftest.c: In function 'main':
conftest.c:54:13: warning: ISO C does not support '__int128' types [-Wpedantic]
   54 | if (sizeof (__int128))
      |             ^~~~~~~~
configure:14935: $? = 0
configure:14935: gcc -m64 -c -pipe -O2  -W -std=c89 -pedantic -Wall -Wextra -Wcast-align -Wnested-externs -Wshadow -Wstrict-prototypes -Wno-unused-function -Wno-long-long -Wno-overlength-strings -fvisibility=hidden -I/root/SmartCash3/core-smart/depends/x86_64-pc-linux-gnu/share/../include/  conftest.c >&5
conftest.c: In function 'main':
conftest.c:54:14: warning: ISO C does not support '__int128' types [-Wpedantic]
   54 | if (sizeof ((__int128)))
      |              ^~~~~~~~
conftest.c:54:23: error: expected expression before ')' token
   54 | if (sizeof ((__int128)))
      |                       ^
configure:14935: $? = 1
configure: failed program was:
| /* confdefs.h */
| #define PACKAGE_NAME "libsecp256k1"
| #define PACKAGE_TARNAME "libsecp256k1"
| #define PACKAGE_VERSION "0.1"
| #define PACKAGE_STRING "libsecp256k1 0.1"
| #define PACKAGE_BUGREPORT ""
| #define PACKAGE_URL ""
| #define PACKAGE "libsecp256k1"
| #define VERSION "0.1"
| #define HAVE_STDIO_H 1
| #define HAVE_STDLIB_H 1
| #define HAVE_STRING_H 1
| #define HAVE_INTTYPES_H 1
| #define HAVE_STDINT_H 1
| #define HAVE_STRINGS_H 1
| #define HAVE_SYS_STAT_H 1
| #define HAVE_SYS_TYPES_H 1
| #define HAVE_UNISTD_H 1
| #define STDC_HEADERS 1
| #define HAVE_DLFCN_H 1
| #define LT_OBJDIR ".libs/"
| /* end confdefs.h.  */
| #include <stddef.h>
| #ifdef HAVE_STDIO_H
| # include <stdio.h>
| #endif
| #ifdef HAVE_STDLIB_H
| # include <stdlib.h>
| #endif
| #ifdef HAVE_STRING_H
| # include <string.h>
| #endif
| #ifdef HAVE_INTTYPES_H
| # include <inttypes.h>
| #endif
| #ifdef HAVE_STDINT_H
| # include <stdint.h>
| #endif
| #ifdef HAVE_STRINGS_H
| # include <strings.h>
| #endif
| #ifdef HAVE_SYS_TYPES_H
| # include <sys/types.h>
| #endif
| #ifdef HAVE_SYS_STAT_H
| # include <sys/stat.h>
| #endif
| #ifdef HAVE_UNISTD_H
| # include <unistd.h>
| #endif
| int
| main (void)
| {
| if (sizeof ((__int128)))
| 	    return 0;
|   ;
|   return 0;
| }
configure:14935: result: yes
configure:14945: checking for __builtin_expect
configure:14951: gcc -m64 -c -pipe -O2  -W -std=c89 -pedantic -Wall -Wextra -Wcast-align -Wnested-externs -Wshadow -Wstrict-prototypes -Wno-unused-function -Wno-long-long -Wno-overlength-strings -fvisibility=hidden -I/root/SmartCash3/core-smart/depends/x86_64-pc-linux-gnu/share/../include/  conftest.c >&5
conftest.c:24:6: warning: function declaration isn't a prototype [-Wstrict-prototypes]
   24 | void myfunc() {__builtin_expect(0,0);}
      |      ^~~~~~
conftest.c: In function 'myfunc':
conftest.c:24:16: warning: statement with no effect [-Wunused-value]
   24 | void myfunc() {__builtin_expect(0,0);}
      |                ^~~~~~~~~~~~~~~~
configure:14951: $? = 0
configure:14953: result: yes
configure:14969: checking native compiler: gcc
configure:14985: gcc -o conftest -pipe -O2  -W -std=c89 -pedantic -Wall -Wextra -Wcast-align -Wnested-externs -Wshadow -Wstrict-prototypes -Wno-unused-function -Wno-long-long -Wno-overlength-strings -fvisibility=hidden -I/root/SmartCash3/core-smart/depends/x86_64-pc-linux-gnu/share/../include/  -L/root/SmartCash3/core-smart/depends/x86_64-pc-linux-gnu/share/../lib  conftest.c  >&5
configure:14985: $? = 0
configure:14985: ./conftest
configure:14985: $? = 0
configure:15007: result: ok
configure:15017: checking for x86_64 assembly availability
configure:15034: gcc -m64 -c -pipe -O2  -W -std=c89 -pedantic -Wall -Wextra -Wcast-align -Wnested-externs -Wshadow -Wstrict-prototypes -Wno-unused-function -Wno-long-long -Wno-overlength-strings -fvisibility=hidden -I/root/SmartCash3/core-smart/depends/x86_64-pc-linux-gnu/share/../include/  conftest.c >&5
conftest.c: In function 'main':
conftest.c:32:3: warning: 'tmp' is used uninitialized [-Wuninitialized]
   32 |   __asm__ __volatile__("movq $0x100000000,%1; mulq %%rsi" : "+a"(a) : "S"(tmp) : "cc", "%rdx");
      |   ^~~~~~~
conftest.c:31:20: note: 'tmp' was declared here
   31 |   uint64_t a = 11, tmp;
      |                    ^~~
configure:15034: $? = 0
configure:15041: result: yes
configure:15814: checking whether byte ordering is bigendian
configure:15830: gcc -m64 -c -pipe -O2  -W -std=c89 -pedantic -Wall -Wextra -Wcast-align -Wnested-externs -Wshadow -Wstrict-prototypes -Wno-unused-function -Wno-long-long -Wno-overlength-strings -fvisibility=hidden -I/root/SmartCash3/core-smart/depends/x86_64-pc-linux-gnu/share/../include/  conftest.c >&5
conftest.c:34:16: error: unknown type name 'not'
   34 |                not a universal capable compiler
      |                ^~~
conftest.c:34:22: error: expected '=', ',', ';', 'asm' or '__attribute__' before 'universal'
   34 |                not a universal capable compiler
      |                      ^~~~~~~~~
conftest.c:34:22: error: unknown type name 'universal'
configure:15830: $? = 1
configure: failed program was:
| /* confdefs.h */
| #define PACKAGE_NAME "libsecp256k1"
| #define PACKAGE_TARNAME "libsecp256k1"
| #define PACKAGE_VERSION "0.1"
| #define PACKAGE_STRING "libsecp256k1 0.1"
| #define PACKAGE_BUGREPORT ""
| #define PACKAGE_URL ""
| #define PACKAGE "libsecp256k1"
| #define VERSION "0.1"
| #define HAVE_STDIO_H 1
| #define HAVE_STDLIB_H 1
| #define HAVE_STRING_H 1
| #define HAVE_INTTYPES_H 1
| #define HAVE_STDINT_H 1
| #define HAVE_STRINGS_H 1
| #define HAVE_SYS_STAT_H 1
| #define HAVE_SYS_TYPES_H 1
| #define HAVE_UNISTD_H 1
| #define STDC_HEADERS 1
| #define HAVE_DLFCN_H 1
| #define LT_OBJDIR ".libs/"
| #define HAVE___INT128 1
| #define HAVE_BUILTIN_EXPECT 1
| #define USE_ASM_X86_64 1
| #define USE_FIELD_5X52 1
| #define USE_NUM_NONE 1
| #define USE_FIELD_INV_BUILTIN 1
| #define USE_SCALAR_INV_BUILTIN 1
| #define USE_SCALAR_4X64 1
| #define USE_ECMULT_STATIC_PRECOMPUTATION 1
| #define ENABLE_MODULE_RECOVERY 1
| /* end confdefs.h.  */
| #ifndef __APPLE_CC__
| 	       not a universal capable compiler
| 	     #endif
| 	     typedef int dummy;
| 
configure:15876: gcc -m64 -c -pipe -O2  -W -std=c89 -pedantic -Wall -Wextra -Wcast-align -Wnested-externs -Wshadow -Wstrict-prototypes -Wno-unused-function -Wno-long-long -Wno-overlength-strings -fvisibility=hidden -I/root/SmartCash3/core-smart/depends/x86_64-pc-linux-gnu/share/../include/  conftest.c >&5
conftest.c: In function 'main':
conftest.c:40:15: error: unknown type name 'bogus'
   40 |               bogus endian macros
      |               ^~~~~
conftest.c:40:28: error: expected '=', ',', ';', 'asm' or '__attribute__' before 'macros'
   40 |               bogus endian macros
      |                            ^~~~~~
configure:15876: $? = 1
configure: failed program was:
| /* confdefs.h */
| #define PACKAGE_NAME "libsecp256k1"
| #define PACKAGE_TARNAME "libsecp256k1"
| #define PACKAGE_VERSION "0.1"
| #define PACKAGE_STRING "libsecp256k1 0.1"
| #define PACKAGE_BUGREPORT ""
| #define PACKAGE_URL ""
| #define PACKAGE "libsecp256k1"
| #define VERSION "0.1"
| #define HAVE_STDIO_H 1
| #define HAVE_STDLIB_H 1
| #define HAVE_STRING_H 1
| #define HAVE_INTTYPES_H 1
| #define HAVE_STDINT_H 1
| #define HAVE_STRINGS_H 1
| #define HAVE_SYS_STAT_H 1
| #define HAVE_SYS_TYPES_H 1
| #define HAVE_UNISTD_H 1
| #define STDC_HEADERS 1
| #define HAVE_DLFCN_H 1
| #define LT_OBJDIR ".libs/"
| #define HAVE___INT128 1
| #define HAVE_BUILTIN_EXPECT 1
| #define USE_ASM_X86_64 1
| #define USE_FIELD_5X52 1
| #define USE_NUM_NONE 1
| #define USE_FIELD_INV_BUILTIN 1
| #define USE_SCALAR_INV_BUILTIN 1
| #define USE_SCALAR_4X64 1
| #define USE_ECMULT_STATIC_PRECOMPUTATION 1
| #define ENABLE_MODULE_RECOVERY 1
| /* end confdefs.h.  */
| #include <sys/types.h>
| 	     #include <sys/param.h>
| 
| int
| main (void)
| {
| #if ! (defined BYTE_ORDER && defined BIG_ENDIAN 		     && defined LITTLE_ENDIAN && BYTE_ORDER && BIG_ENDIAN 		     && LITTLE_ENDIAN)
| 	      bogus endian macros
| 	     #endif
| 
|   ;
|   return 0;
| }
configure:15922: gcc -m64 -c -pipe -O2  -W -std=c89 -pedantic -Wall -Wextra -Wcast-align -Wnested-externs -Wshadow -Wstrict-prototypes -Wno-unused-function -Wno-long-long -Wno-overlength-strings -fvisibility=hidden -I/root/SmartCash3/core-smart/depends/x86_64-pc-linux-gnu/share/../include/  conftest.c >&5
conftest.c: In function 'main':
conftest.c:39:15: error: unknown type name 'bogus'
   39 |               bogus endian macros
      |               ^~~~~
conftest.c:39:28: error: expected '=', ',', ';', 'asm' or '__attribute__' before 'macros'
   39 |               bogus endian macros
      |                            ^~~~~~
configure:15922: $? = 1
configure: failed program was:
| /* confdefs.h */
| #define PACKAGE_NAME "libsecp256k1"
| #define PACKAGE_TARNAME "libsecp256k1"
| #define PACKAGE_VERSION "0.1"
| #define PACKAGE_STRING "libsecp256k1 0.1"
| #define PACKAGE_BUGREPORT ""
| #define PACKAGE_URL ""
| #define PACKAGE "libsecp256k1"
| #define VERSION "0.1"
| #define HAVE_STDIO_H 1
| #define HAVE_STDLIB_H 1
| #define HAVE_STRING_H 1
| #define HAVE_INTTYPES_H 1
| #define HAVE_STDINT_H 1
| #define HAVE_STRINGS_H 1
| #define HAVE_SYS_STAT_H 1
| #define HAVE_SYS_TYPES_H 1
| #define HAVE_UNISTD_H 1
| #define STDC_HEADERS 1
| #define HAVE_DLFCN_H 1
| #define LT_OBJDIR ".libs/"
| #define HAVE___INT128 1
| #define HAVE_BUILTIN_EXPECT 1
| #define USE_ASM_X86_64 1
| #define USE_FIELD_5X52 1
| #define USE_NUM_NONE 1
| #define USE_FIELD_INV_BUILTIN 1
| #define USE_SCALAR_INV_BUILTIN 1
| #define USE_SCALAR_4X64 1
| #define USE_ECMULT_STATIC_PRECOMPUTATION 1
| #define ENABLE_MODULE_RECOVERY 1
| /* end confdefs.h.  */
| #include <limits.h>
| 
| int
| main (void)
| {
| #if ! (defined _LITTLE_ENDIAN || defined _BIG_ENDIAN)
| 	      bogus endian macros
| 	     #endif
| 
|   ;
|   return 0;
| }
configure:16017: gcc -m64 -o conftest -pipe -O2  -W -std=c89 -pedantic -Wall -Wextra -Wcast-align -Wnested-externs -Wshadow -Wstrict-prototypes -Wno-unused-function -Wno-long-long -Wno-overlength-strings -fvisibility=hidden -I/root/SmartCash3/core-smart/depends/x86_64-pc-linux-gnu/share/../include/  -L/root/SmartCash3/core-smart/depends/x86_64-pc-linux-gnu/share/../lib  conftest.c  >&5
configure:16017: $? = 0
configure:16017: ./conftest
configure:16017: $? = 0
configure:16029: result: no
configure:16054: Using static precomputation: yes
configure:16056: Using assembly optimizations: x86_64
configure:16058: Using field implementation: 64bit
configure:16060: Using bignum implementation: no
configure:16062: Using scalar implementation: 64bit
configure:16064: Using endomorphism optimizations: no
configure:16066: Building ECDH module: no
configure:16068: Building ECDSA pubkey recovery module: yes
configure:16070: Using jni: no
configure:16280: checking that generated files are newer than configure
configure:16286: result: done
configure:16354: creating ./config.status

## ---------------------- ##
## Running config.status. ##
## ---------------------- ##

This file was extended by libsecp256k1 config.status 0.1, which was
generated by GNU Autoconf 2.71.  Invocation command line was

  CONFIG_FILES    = 
  CONFIG_HEADERS  = 
  CONFIG_LINKS    = 
  CONFIG_COMMANDS = 
  $ ./config.status 

on opencode

config.status:1139: creating Makefile
config.status:1139: creating libsecp256k1.pc
config.status:1139: creating src/libsecp256k1-config.h
config.status:1368: executing depfiles commands
config.status:1445: cd .       && sed -e '/# am--include-marker/d' Makefile         | make -f - am--depfiles
make: Nothing to be done for 'am--depfiles'.
config.status:1450: $? = 0
config.status:1368: executing libtool commands

## ---------------- ##
## Cache variables. ##
## ---------------- ##

ac_cv_build=x86_64-pc-linux-gnu
ac_cv_build_prog_CPP='gcc -E'
ac_cv_build_prog_cc_g=yes
ac_cv_c_bigendian=no
ac_cv_c_compiler_gnu=yes
ac_cv_env_CCASFLAGS_set=
ac_cv_env_CCASFLAGS_value=
ac_cv_env_CCAS_set=
ac_cv_env_CCAS_value=
ac_cv_env_CC_set=
ac_cv_env_CC_value=
ac_cv_env_CFLAGS_set=
ac_cv_env_CFLAGS_value=
ac_cv_env_CPPFLAGS_set=
ac_cv_env_CPPFLAGS_value=
ac_cv_env_CPP_set=
ac_cv_env_CPP_value=
ac_cv_env_CRYPTO_CFLAGS_set=
ac_cv_env_CRYPTO_CFLAGS_value=
ac_cv_env_CRYPTO_LIBS_set=
ac_cv_env_CRYPTO_LIBS_value=
ac_cv_env_LDFLAGS_set=
ac_cv_env_LDFLAGS_value=
ac_cv_env_LIBS_set=
ac_cv_env_LIBS_value=
ac_cv_env_LT_SYS_LIBRARY_PATH_set=
ac_cv_env_LT_SYS_LIBRARY_PATH_value=
ac_cv_env_PKG_CONFIG_LIBDIR_set=
ac_cv_env_PKG_CONFIG_LIBDIR_value=
ac_cv_env_PKG_CONFIG_PATH_set=
ac_cv_env_PKG_CONFIG_PATH_value=
ac_cv_env_PKG_CONFIG_set=
ac_cv_env_PKG_CONFIG_value=
ac_cv_env_build_alias_set=
ac_cv_env_build_alias_value=
ac_cv_env_host_alias_set=
ac_cv_env_host_alias_value=
ac_cv_env_target_alias_set=
ac_cv_env_target_alias_value=
ac_cv_header_dlfcn_h=yes
ac_cv_header_inttypes_h=yes
ac_cv_header_stdint_h=yes
ac_cv_header_stdio_h=yes
ac_cv_header_stdlib_h=yes
ac_cv_header_string_h=yes
ac_cv_header_strings_h=yes
ac_cv_header_sys_stat_h=yes
ac_cv_header_sys_types_h=yes
ac_cv_header_unistd_h=yes
ac_cv_host=x86_64-pc-linux-gnu
ac_cv_objext=o
ac_cv_path_EGREP='/usr/bin/grep -E'
ac_cv_path_FGREP='/usr/bin/grep -F'
ac_cv_path_GREP=/usr/bin/grep
ac_cv_path_PKG_CONFIG='/usr/bin/pkg-config --static'
ac_cv_path_SED=/usr/bin/sed
ac_cv_path_ac_pt_AR=ar
ac_cv_path_ac_pt_NM=nm
ac_cv_path_ac_pt_RANLIB=ranlib
ac_cv_path_ac_pt_STRIP=/usr/bin/strip
ac_cv_path_install='/usr/bin/install -c'
ac_cv_path_lt_DD=/usr/bin/dd
ac_cv_path_mkdir=/usr/bin/mkdir
ac_cv_prog_AR=ar
ac_cv_prog_AWK=mawk
ac_cv_prog_CC='gcc -m64'
ac_cv_prog_CPP='gcc -m64 -E'
ac_cv_prog_RANLIB=ranlib
ac_cv_prog_STRIP=strip
ac_cv_prog_ac_ct_CC_FOR_BUILD=gcc
ac_cv_prog_ac_ct_FILECMD=file
ac_cv_prog_ac_ct_MANIFEST_TOOL=mt
ac_cv_prog_ac_ct_OBJDUMP=objdump
ac_cv_prog_ac_ct_STRIP=strip
ac_cv_prog_cc_c11=
ac_cv_prog_cc_g=yes
ac_cv_prog_cc_stdc=
ac_cv_prog_make_make_set=yes
ac_cv_type___int128=yes
am_cv_CCAS_dependencies_compiler_type=gcc3
am_cv_CC_dependencies_compiler_type=gcc3
am_cv_make_support_nested_variables=yes
am_cv_prog_cc_c_o=yes
lt_cv_ar_at_file=@
lt_cv_deplibs_check_method=pass_all
lt_cv_file_magic_cmd='$MAGIC_CMD'
lt_cv_file_magic_test_file=
lt_cv_ld_reload_flag=-r
lt_cv_nm_interface='BSD nm'
lt_cv_objdir=.libs
lt_cv_path_LD=/usr/bin/ld
lt_cv_path_NM=nm
lt_cv_path_mainfest_tool=no
lt_cv_prog_compiler_c_o=yes
lt_cv_prog_compiler_pic='-fPIC -DPIC'
lt_cv_prog_compiler_pic_works=yes
lt_cv_prog_compiler_rtti_exceptions=no
lt_cv_prog_compiler_static_works=yes
lt_cv_prog_gnu_ld=yes
lt_cv_sharedlib_from_linklib_cmd='printf %s\n'
lt_cv_shlibpath_overrides_runpath=yes
lt_cv_sys_global_symbol_pipe='/usr/bin/sed -n -e '\''s/^.*[	 ]\([ABCDGIRSTW][ABCDGIRSTW]*\)[	 ][	 ]*\([_A-Za-z][_A-Za-z0-9]*\)$/\1 \2 \2/p'\'' | /usr/bin/sed '\''/ __gnu_lto/d'\'''
lt_cv_sys_global_symbol_to_c_name_address='/usr/bin/sed -n -e '\''s/^: \(.*\) .*$/  {"\1", (void *) 0},/p'\'' -e '\''s/^[ABCDGIRSTW][ABCDGIRSTW]* .* \(.*\)$/  {"\1", (void *) \&\1},/p'\'''
lt_cv_sys_global_symbol_to_c_name_address_lib_prefix='/usr/bin/sed -n -e '\''s/^: \(.*\) .*$/  {"\1", (void *) 0},/p'\'' -e '\''s/^[ABCDGIRSTW][ABCDGIRSTW]* .* \(lib.*\)$/  {"\1", (void *) \&\1},/p'\'' -e '\''s/^[ABCDGIRSTW][ABCDGIRSTW]* .* \(.*\)$/  {"lib\1", (void *) \&\1},/p'\'''
lt_cv_sys_global_symbol_to_cdecl='/usr/bin/sed -n -e '\''s/^T .* \(.*\)$/extern int \1();/p'\'' -e '\''s/^[ABCDGIRSTW][ABCDGIRSTW]* .* \(.*\)$/extern char \1;/p'\'''
lt_cv_sys_global_symbol_to_import=
lt_cv_sys_max_cmd_len=1572864
lt_cv_to_host_file_cmd=func_convert_file_noop
lt_cv_to_tool_file_cmd=func_convert_file_noop
lt_cv_truncate_bin='/usr/bin/dd bs=4096 count=1'

## ----------------- ##
## Output variables. ##
## ----------------- ##

ACLOCAL='${SHELL} '\''/root/SmartCash3/core-smart/src/secp256k1/build-aux/missing'\'' aclocal-1.16'
AMDEPBACKSLASH='\'
AMDEP_FALSE='#'
AMDEP_TRUE=''
AMTAR='$${TAR-tar}'
AM_BACKSLASH='\'
AM_DEFAULT_V='$(AM_DEFAULT_VERBOSITY)'
AM_DEFAULT_VERBOSITY='0'
AM_V='$(V)'
AR='ar'
AUTOCONF='${SHELL} '\''/root/SmartCash3/core-smart/src/secp256k1/build-aux/missing'\'' autoconf'
AUTOHEADER='${SHELL} '\''/root/SmartCash3/core-smart/src/secp256k1/build-aux/missing'\'' autoheader'
AUTOMAKE='${SHELL} '\''/root/SmartCash3/core-smart/src/secp256k1/build-aux/missing'\'' automake-1.16'
AWK='mawk'
BREW=''
BUILD_EXEEXT=''
BUILD_OBJEXT=''
CC='gcc -m64'
CCAS='gcc -m64'
CCASDEPMODE='depmode=gcc3'
CCASFLAGS='-pipe -O2 '
CCDEPMODE='depmode=gcc3'
CC_FOR_BUILD='gcc'
CFLAGS='-pipe -O2  -W -std=c89 -pedantic -Wall -Wextra -Wcast-align -Wnested-externs -Wshadow -Wstrict-prototypes -Wno-unused-function -Wno-long-long -Wno-overlength-strings -fvisibility=hidden'
CFLAGS_FOR_BUILD='-g -O2'
CPP='gcc -m64 -E'
CPPFLAGS='-I/root/SmartCash3/core-smart/depends/x86_64-pc-linux-gnu/share/../include/ '
CPPFLAGS_FOR_BUILD=''
CPP_FOR_BUILD='gcc -E'
CRYPTO_CFLAGS=''
CRYPTO_LIBS=''
CSCOPE='cscope'
CTAGS='ctags'
CYGPATH_W='echo'
DEFS='-DHAVE_CONFIG_H'
DEPDIR='.deps'
DLLTOOL='false'
DSYMUTIL=''
DUMPBIN=''
ECHO_C=''
ECHO_N='-n'
ECHO_T=''
EGREP='/usr/bin/grep -E'
ENABLE_MODULE_ECDH_FALSE=''
ENABLE_MODULE_ECDH_TRUE='#'
ENABLE_MODULE_RECOVERY_FALSE='#'
ENABLE_MODULE_RECOVERY_TRUE=''
ETAGS='etags'
EXEEXT=''
FGREP='/usr/bin/grep -F'
FILECMD='file'
GREP='/usr/bin/grep'
INSTALL_DATA='${INSTALL} -m 644'
INSTALL_PROGRAM='${INSTALL}'
INSTALL_SCRIPT='${INSTALL}'
INSTALL_STRIP_PROGRAM='$(install_sh) -c -s'
JNI_INCLUDES=''
LD='/usr/bin/ld -m elf_x86_64'
LDFLAGS='-L/root/SmartCash3/core-smart/depends/x86_64-pc-linux-gnu/share/../lib '
LDFLAGS_FOR_BUILD=''
LIBOBJS=''
LIBS=''
LIBTOOL='$(SHELL) $(top_builddir)/libtool'
LIPO=''
LN_S='ln -s'
LTLIBOBJS=''
LT_SYS_LIBRARY_PATH=''
MAKEINFO='${SHELL} '\''/root/SmartCash3/core-smart/src/secp256k1/build-aux/missing'\'' makeinfo'
MANIFEST_TOOL=':'
MKDIR_P='/usr/bin/mkdir -p'
NM='nm'
NMEDIT=''
OBJDUMP='objdump'
OBJEXT='o'
OTOOL64=''
OTOOL=''
PACKAGE='libsecp256k1'
PACKAGE_BUGREPORT=''
PACKAGE_NAME='libsecp256k1'
PACKAGE_STRING='libsecp256k1 0.1'
PACKAGE_TARNAME='libsecp256k1'
PACKAGE_URL=''
PACKAGE_VERSION='0.1'
PATH_SEPARATOR=':'
PKG_CONFIG='/usr/bin/pkg-config --static'
PKG_CONFIG_LIBDIR='/root/SmartCash3/core-smart/depends/x86_64-pc-linux-gnu/share/../lib/pkgconfig'
PKG_CONFIG_PATH='/root/SmartCash3/core-smart/depends/x86_64-pc-linux-gnu/share/../share/pkgconfig'
PORT=''
RANLIB='ranlib'
SECP_INCLUDES=''
SECP_LIBS=''
SECP_TEST_INCLUDES=''
SECP_TEST_LIBS=''
SED='/usr/bin/sed'
SET_MAKE=''
SHELL='/bin/bash'
STRIP='/usr/bin/strip'
USE_ASM_ARM_FALSE=''
USE_ASM_ARM_TRUE='#'
USE_BENCHMARK_FALSE=''
USE_BENCHMARK_TRUE='#'
USE_ECMULT_STATIC_PRECOMPUTATION_FALSE='#'
USE_ECMULT_STATIC_PRECOMPUTATION_TRUE=''
USE_EXHAUSTIVE_TESTS_FALSE='#'
USE_EXHAUSTIVE_TESTS_TRUE=''
USE_EXTERNAL_ASM_FALSE=''
USE_EXTERNAL_ASM_TRUE='#'
USE_JNI_FALSE=''
USE_JNI_TRUE='#'
USE_TESTS_FALSE=''
USE_TESTS_TRUE='#'
VERSION='0.1'
_ACJNI_JAVAC=''
ac_ct_AR=''
ac_ct_CC=''
ac_ct_CC_FOR_BUILD='gcc'
ac_ct_DUMPBIN=''
am__EXEEXT_FALSE=''
am__EXEEXT_TRUE='#'
am__fastdepCCAS_FALSE='#'
am__fastdepCCAS_TRUE=''
am__fastdepCC_FALSE='#'
am__fastdepCC_TRUE=''
am__include='include'
am__isrc=''
am__leading_dot='.'
am__nodep='_no'
am__quote=''
am__tar='$${TAR-tar} chof - "$$tardir"'
am__untar='$${TAR-tar} xf -'
bindir='${exec_prefix}/bin'
build='x86_64-pc-linux-gnu'
build_alias=''
build_cpu='x86_64'
build_os='linux-gnu'
build_vendor='pc'
datadir='${datarootdir}'
datarootdir='${prefix}/share'
docdir='${datarootdir}/doc/${PACKAGE_TARNAME}'
dvidir='${docdir}'
exec_prefix='${prefix}'
host='x86_64-pc-linux-gnu'
host_alias='x86_64-pc-linux-gnu'
host_cpu='x86_64'
host_os='linux-gnu'
host_vendor='pc'
htmldir='${docdir}'
includedir='${prefix}/include'
infodir='${datarootdir}/info'
install_sh='${SHELL} /root/SmartCash3/core-smart/src/secp256k1/build-aux/install-sh'
libdir='${exec_prefix}/lib'
libexecdir='${exec_prefix}/libexec'
localedir='${datarootdir}/locale'
localstatedir='${prefix}/var'
mandir='${datarootdir}/man'
mkdir_p='$(MKDIR_P)'
oldincludedir='/usr/include'
pdfdir='${docdir}'
prefix='/root/SmartCash3/core-smart/depends/x86_64-pc-linux-gnu'
program_transform_name='s,x,x,'
psdir='${docdir}'
runstatedir='${localstatedir}/run'
sbindir='${exec_prefix}/sbin'
sharedstatedir='${prefix}/com'
sysconfdir='${prefix}/etc'
target_alias=''

## ----------- ##
## confdefs.h. ##
## ----------- ##

/* confdefs.h */
#define PACKAGE_NAME "libsecp256k1"
#define PACKAGE_TARNAME "libsecp256k1"
#define PACKAGE_VERSION "0.1"
#define PACKAGE_STRING "libsecp256k1 0.1"
#define PACKAGE_BUGREPORT ""
#define PACKAGE_URL ""
#define PACKAGE "libsecp256k1"
#define VERSION "0.1"
#define HAVE_STDIO_H 1
#define HAVE_STDLIB_H 1
#define HAVE_STRING_H 1
#define HAVE_INTTYPES_H 1
#define HAVE_STDINT_H 1
#define HAVE_STRINGS_H 1
#define HAVE_SYS_STAT_H 1
#define HAVE_SYS_TYPES_H 1
#define HAVE_UNISTD_H 1
#define STDC_HEADERS 1
#define HAVE_DLFCN_H 1
#define LT_OBJDIR ".libs/"
#define HAVE___INT128 1
#define HAVE_BUILTIN_EXPECT 1
#define USE_ASM_X86_64 1
#define USE_FIELD_5X52 1
#define USE_NUM_NONE 1
#define USE_FIELD_INV_BUILTIN 1
#define USE_SCALAR_INV_BUILTIN 1
#define USE_SCALAR_4X64 1
#define USE_ECMULT_STATIC_PRECOMPUTATION 1
#define ENABLE_MODULE_RECOVERY 1

configure: exit 0
