This file contains any messages produced by compilers while
running configure, to aid debugging if configure makes a mistake.

It was created by SmartCash configure 3.0.0, which was
generated by GNU Autoconf 2.71.  Invocation command line was

  $ ../configure --prefix=/ --host=x86_64-w64-mingw32 --disable-tests --disable-bench

## --------- ##
## Platform. ##
## --------- ##

hostname = opencode
uname -m = x86_64
uname -r = 7.0.6-2-pve
uname -s = Linux
uname -v = #1 SMP PREEMPT_DYNAMIC PMX 7.0.6-2 (2026-05-29T11:08Z)

/usr/bin/uname -p = x86_64
/bin/uname -X     = unknown

/bin/arch              = x86_64
/usr/bin/arch -k       = unknown
/usr/convex/getsysinfo = unknown
/usr/bin/hostinfo      = unknown
/bin/machine           = unknown
/usr/bin/oslevel       = unknown
/bin/universe          = unknown

PATH: /root/.opencode/bin/
PATH: /usr/local/sbin/
PATH: /usr/local/bin/
PATH: /usr/sbin/
PATH: /usr/bin/
PATH: /sbin/
PATH: /bin/


## ----------- ##
## Core tests. ##
## ----------- ##

configure:2756: loading site script /root/SmartCash3/core-smart/depends/x86_64-w64-mingw32/share/config.site
| depends_prefix="`dirname ${ac_site_file}`/.."
| 
| cross_compiling=maybe
| host_alias=x86_64-w64-mingw32
| ac_tool_prefix=${host_alias}-
| 
| if test -z $with_boost; then
|   with_boost=$depends_prefix
| fi
| if test -z $with_qt_plugindir; then
|   with_qt_plugindir=$depends_prefix/plugins
| fi
| if test -z $with_qt_translationdir; then
|   with_qt_translationdir=$depends_prefix/translations
| fi
| if test -z $with_qt_bindir; then
|   with_qt_bindir=$depends_prefix/native/bin
| fi
| if test -z $with_protoc_bindir; then
|   with_protoc_bindir=$depends_prefix/native/bin
| fi
| if test -z $with_comparison_tool; then
|   with_comparison_tool=$depends_prefix/native/share/BitcoindComparisonTool_jar/BitcoindComparisonTool.jar
| fi
| 
| 
| if test -z $enable_wallet && test -n ""; then
|   enable_wallet=no
| fi
| 
| if test -z $with_miniupnpc && test -n ""; then
|   with_miniupnpc=no
| fi
| 
| if test -z $with_gui && test -n "0"; then
|   with_gui=no
| fi
| 
| if test xmingw32 = xdarwin; then
|   BREW=no
|   PORT=no
| fi
| 
| if test xmingw32 = xmingw32; then
|   if test -z $with_qt_incdir; then
|     with_qt_incdir=$depends_prefix/include
|   fi
|   if test -z $with_qt_libdir; then
|     with_qt_libdir=$depends_prefix/lib
|   fi
| fi
| 
| PATH=$depends_prefix/native/bin:$PATH
| PKG_CONFIG="`which pkg-config` --static"
| 
| # These two need to remain exported because pkg-config does not see them
| # otherwise. That means they must be unexported at the end of configure.ac to
| # avoid ruining the cache. Sigh.
| 
| export PKG_CONFIG_LIBDIR=$depends_prefix/lib/pkgconfig
| export PKG_CONFIG_PATH=$depends_prefix/share/pkgconfig
| 
| CPPFLAGS="-I$depends_prefix/include/ $CPPFLAGS"
| LDFLAGS="-L$depends_prefix/lib $LDFLAGS"
| 
| CC="x86_64-w64-mingw32-gcc"
| CXX="x86_64-w64-mingw32-g++"
| OBJC="${CC}"
| OBJCXX="${CXX}"
| 
| PYTHONPATH=$depends_prefix/native/lib/python/dist-packages:$PYTHONPATH
| 
| if test -n "x86_64-w64-mingw32-ar"; then
|   AR=x86_64-w64-mingw32-ar
|   ac_cv_path_ac_pt_AR=${AR}
| fi
| 
| if test -n "x86_64-w64-mingw32-ranlib"; then
|   RANLIB=x86_64-w64-mingw32-ranlib
|   ac_cv_path_ac_pt_RANLIB=${RANLIB}
| fi
| 
| if test -n "x86_64-w64-mingw32-nm"; then
|   NM=x86_64-w64-mingw32-nm
|   ac_cv_path_ac_pt_NM=${NM}
| fi
| 
| if test -n ""; then
|   enable_reduce_exports=no
| fi
| 
| if test -n "-pipe -O2"; then
|   CFLAGS="-pipe -O2 $CFLAGS"
| fi
| if test -n "-pipe -O2"; then
|   CXXFLAGS="-pipe -O2 $CXXFLAGS"
| fi
| if test -n ""; then
|   CPPFLAGS=" $CPPFLAGS"
| fi
| if test -n ""; then
|   LDFLAGS=" $LDFLAGS"
| fi
configure:3331: looking for aux files: compile ltmain.sh missing install-sh config.guess config.sub
configure:3344:  trying ../build-aux/
configure:3373:   ../build-aux/compile found
configure:3373:   ../build-aux/ltmain.sh found
configure:3373:   ../build-aux/missing found
configure:3355:   ../build-aux/install-sh found
configure:3373:   ../build-aux/config.guess found
configure:3373:   ../build-aux/config.sub found
configure:3502: checking build system type
configure:3517: result: x86_64-pc-linux-gnu
configure:3537: checking host system type
configure:3551: result: x86_64-w64-mingw32
configure:3595: checking for a BSD-compatible install
configure:3668: result: /usr/bin/install -c
configure:3679: checking whether build environment is sane
configure:3734: result: yes
configure:3790: checking for x86_64-w64-mingw32-strip
configure:3811: found /usr/bin/x86_64-w64-mingw32-strip
configure:3822: result: x86_64-w64-mingw32-strip
configure:3893: checking for a race-free mkdir -p
configure:3937: result: /usr/bin/mkdir -p
configure:3944: checking for gawk
configure:3979: result: no
configure:3944: checking for mawk
configure:3965: found /usr/bin/mawk
configure:3976: result: mawk
configure:3987: checking whether make sets $(MAKE)
configure:4010: result: yes
configure:4040: checking whether make supports nested variables
configure:4058: result: yes
configure:4075: error: source directory already configured; run "make distclean" there first

## ---------------- ##
## Cache variables. ##
## ---------------- ##

ac_cv_build=x86_64-pc-linux-gnu
ac_cv_env_CCC_set=
ac_cv_env_CCC_value=
ac_cv_env_CC_set=
ac_cv_env_CC_value=
ac_cv_env_CFLAGS_set=
ac_cv_env_CFLAGS_value=
ac_cv_env_CPPFLAGS_set=
ac_cv_env_CPPFLAGS_value=
ac_cv_env_CPP_set=
ac_cv_env_CPP_value=
ac_cv_env_CRYPTO_CFLAGS_set=
ac_cv_env_CRYPTO_CFLAGS_value=
ac_cv_env_CRYPTO_LIBS_set=
ac_cv_env_CRYPTO_LIBS_value=
ac_cv_env_CXXCPP_set=
ac_cv_env_CXXCPP_value=
ac_cv_env_CXXFLAGS_set=
ac_cv_env_CXXFLAGS_value=
ac_cv_env_CXX_set=
ac_cv_env_CXX_value=
ac_cv_env_EVENT_CFLAGS_set=
ac_cv_env_EVENT_CFLAGS_value=
ac_cv_env_EVENT_LIBS_set=
ac_cv_env_EVENT_LIBS_value=
ac_cv_env_EVENT_PTHREADS_CFLAGS_set=
ac_cv_env_EVENT_PTHREADS_CFLAGS_value=
ac_cv_env_EVENT_PTHREADS_LIBS_set=
ac_cv_env_EVENT_PTHREADS_LIBS_value=
ac_cv_env_LDFLAGS_set=
ac_cv_env_LDFLAGS_value=
ac_cv_env_LIBS_set=
ac_cv_env_LIBS_value=
ac_cv_env_LT_SYS_LIBRARY_PATH_set=
ac_cv_env_LT_SYS_LIBRARY_PATH_value=
ac_cv_env_OBJCXXFLAGS_set=
ac_cv_env_OBJCXXFLAGS_value=
ac_cv_env_OBJCXX_set=
ac_cv_env_OBJCXX_value=
ac_cv_env_PKG_CONFIG_LIBDIR_set=
ac_cv_env_PKG_CONFIG_LIBDIR_value=
ac_cv_env_PKG_CONFIG_PATH_set=
ac_cv_env_PKG_CONFIG_PATH_value=
ac_cv_env_PKG_CONFIG_set=
ac_cv_env_PKG_CONFIG_value=
ac_cv_env_PROTOBUF_CFLAGS_set=
ac_cv_env_PROTOBUF_CFLAGS_value=
ac_cv_env_PROTOBUF_LIBS_set=
ac_cv_env_PROTOBUF_LIBS_value=
ac_cv_env_PYTHONPATH_set=
ac_cv_env_PYTHONPATH_value=
ac_cv_env_QR_CFLAGS_set=
ac_cv_env_QR_CFLAGS_value=
ac_cv_env_QR_LIBS_set=
ac_cv_env_QR_LIBS_value=
ac_cv_env_QTPLATFORM_CFLAGS_set=
ac_cv_env_QTPLATFORM_CFLAGS_value=
ac_cv_env_QTPLATFORM_LIBS_set=
ac_cv_env_QTPLATFORM_LIBS_value=
ac_cv_env_QTPRINT_CFLAGS_set=
ac_cv_env_QTPRINT_CFLAGS_value=
ac_cv_env_QTPRINT_LIBS_set=
ac_cv_env_QTPRINT_LIBS_value=
ac_cv_env_QTXCBQPA_CFLAGS_set=
ac_cv_env_QTXCBQPA_CFLAGS_value=
ac_cv_env_QTXCBQPA_LIBS_set=
ac_cv_env_QTXCBQPA_LIBS_value=
ac_cv_env_QT_CFLAGS_set=
ac_cv_env_QT_CFLAGS_value=
ac_cv_env_QT_DBUS_CFLAGS_set=
ac_cv_env_QT_DBUS_CFLAGS_value=
ac_cv_env_QT_DBUS_LIBS_set=
ac_cv_env_QT_DBUS_LIBS_value=
ac_cv_env_QT_LIBS_set=
ac_cv_env_QT_LIBS_value=
ac_cv_env_QT_TEST_CFLAGS_set=
ac_cv_env_QT_TEST_CFLAGS_value=
ac_cv_env_QT_TEST_LIBS_set=
ac_cv_env_QT_TEST_LIBS_value=
ac_cv_env_SSL_CFLAGS_set=
ac_cv_env_SSL_CFLAGS_value=
ac_cv_env_SSL_LIBS_set=
ac_cv_env_SSL_LIBS_value=
ac_cv_env_UNIVALUE_CFLAGS_set=
ac_cv_env_UNIVALUE_CFLAGS_value=
ac_cv_env_UNIVALUE_LIBS_set=
ac_cv_env_UNIVALUE_LIBS_value=
ac_cv_env_X11XCB_CFLAGS_set=
ac_cv_env_X11XCB_CFLAGS_value=
ac_cv_env_X11XCB_LIBS_set=
ac_cv_env_X11XCB_LIBS_value=
ac_cv_env_ZMQ_CFLAGS_set=
ac_cv_env_ZMQ_CFLAGS_value=
ac_cv_env_ZMQ_LIBS_set=
ac_cv_env_ZMQ_LIBS_value=
ac_cv_env_build_alias_set=
ac_cv_env_build_alias_value=
ac_cv_env_host_alias_set=set
ac_cv_env_host_alias_value=x86_64-w64-mingw32
ac_cv_env_target_alias_set=
ac_cv_env_target_alias_value=
ac_cv_host=x86_64-w64-mingw32
ac_cv_path_ac_pt_AR=x86_64-w64-mingw32-ar
ac_cv_path_ac_pt_NM=x86_64-w64-mingw32-nm
ac_cv_path_ac_pt_RANLIB=x86_64-w64-mingw32-ranlib
ac_cv_path_install='/usr/bin/install -c'
ac_cv_path_mkdir=/usr/bin/mkdir
ac_cv_prog_AWK=mawk
ac_cv_prog_STRIP=x86_64-w64-mingw32-strip
ac_cv_prog_make_make_set=yes
am_cv_make_support_nested_variables=yes

## ----------------- ##
## Output variables. ##
## ----------------- ##

ACLOCAL=''
AMDEPBACKSLASH=''
AMDEP_FALSE=''
AMDEP_TRUE=''
AMTAR=''
AM_BACKSLASH='\'
AM_DEFAULT_V='$(AM_DEFAULT_VERBOSITY)'
AM_DEFAULT_VERBOSITY='1'
AM_V='$(V)'
AR='x86_64-w64-mingw32-ar'
ARM_CRC_CXXFLAGS=''
AUTOCONF=''
AUTOHEADER=''
AUTOMAKE=''
AVX2_CXXFLAGS=''
AWK='mawk'
BDB_CPPFLAGS=''
BDB_LIBS=''
BITCOIN_CLI_NAME='smartcash-cli'
BITCOIN_DAEMON_NAME='smartcashd'
BITCOIN_GUI_NAME='smartcash-qt'
BITCOIN_TX_NAME='smartcash-tx'
BOOST_CHRONO_LIB=''
BOOST_CPPFLAGS=''
BOOST_FILESYSTEM_LIB=''
BOOST_LDFLAGS=''
BOOST_LIBS=''
BOOST_PROGRAM_OPTIONS_LIB=''
BOOST_SYSTEM_LIB=''
BOOST_THREAD_LIB=''
BOOST_UNIT_TEST_FRAMEWORK_LIB=''
BREW=''
BUILD_BITCOIND_FALSE=''
BUILD_BITCOIND_TRUE=''
BUILD_BITCOIN_LIBS_FALSE=''
BUILD_BITCOIN_LIBS_TRUE=''
BUILD_BITCOIN_UTILS_FALSE=''
BUILD_BITCOIN_UTILS_TRUE=''
BUILD_DARWIN_FALSE=''
BUILD_DARWIN_TRUE=''
CC='x86_64-w64-mingw32-gcc'
CCACHE=''
CCDEPMODE=''
CFLAGS='-pipe -O2 '
CLIENT_VERSION_BUILD=''
CLIENT_VERSION_IS_RELEASE=''
CLIENT_VERSION_MAJOR=''
CLIENT_VERSION_MINOR=''
CLIENT_VERSION_REVISION=''
COMPARISON_TOOL_REORG_TESTS=''
COPYRIGHT_HOLDERS=''
COPYRIGHT_HOLDERS_FINAL=''
COPYRIGHT_HOLDERS_SUBSTITUTION=''
COPYRIGHT_YEAR=''
CPP=''
CPPFILT=''
CPPFLAGS='-I/root/SmartCash3/core-smart/depends/x86_64-w64-mingw32/share/../include/ '
CRYPTO_CFLAGS=''
CRYPTO_LIBS=''
CSCOPE=''
CTAGS=''
CXX='x86_64-w64-mingw32-g++'
CXXCPP=''
CXXDEPMODE=''
CXXFLAGS='-pipe -O2 '
CYGPATH_W=''
DEFS=''
DEPDIR=''
DLLTOOL=''
DSYMUTIL=''
DUMPBIN=''
ECHO_C=''
ECHO_N='-n'
ECHO_T=''
EGREP=''
EMBEDDED_LEVELDB_FALSE=''
EMBEDDED_LEVELDB_TRUE=''
EMBEDDED_UNIVALUE_FALSE=''
EMBEDDED_UNIVALUE_TRUE=''
ENABLE_ARM_CRC_FALSE=''
ENABLE_ARM_CRC_TRUE=''
ENABLE_AVX2_FALSE=''
ENABLE_AVX2_TRUE=''
ENABLE_BENCH_FALSE=''
ENABLE_BENCH_TRUE=''
ENABLE_QT_FALSE=''
ENABLE_QT_TESTS_FALSE=''
ENABLE_QT_TESTS_TRUE=''
ENABLE_QT_TRUE=''
ENABLE_SHANI_FALSE=''
ENABLE_SHANI_TRUE=''
ENABLE_SSE41_FALSE=''
ENABLE_SSE41_TRUE=''
ENABLE_SSE42_FALSE=''
ENABLE_SSE42_TRUE=''
ENABLE_TESTS_FALSE=''
ENABLE_TESTS_TRUE=''
ENABLE_WALLET_FALSE=''
ENABLE_WALLET_TRUE=''
ENABLE_ZMQ_FALSE=''
ENABLE_ZMQ_TRUE=''
ETAGS=''
EVENT_CFLAGS=''
EVENT_LIBS=''
EVENT_PTHREADS_CFLAGS=''
EVENT_PTHREADS_LIBS=''
EXEEXT=''
EXTENDED_RPC_TESTS=''
FGREP=''
FILECMD=''
GCOV=''
GENHTML=''
GENISOIMAGE=''
GIT=''
GLIBC_BACK_COMPAT_FALSE=''
GLIBC_BACK_COMPAT_TRUE=''
GREP=''
HARDENED_CPPFLAGS=''
HARDENED_CXXFLAGS=''
HARDENED_LDFLAGS=''
HARDEN_FALSE=''
HARDEN_TRUE=''
HAVE_CXX11=''
HEXDUMP=''
IMAGEMAGICK_CONVERT=''
INSTALLNAMETOOL=''
INSTALL_DATA='${INSTALL} -m 644'
INSTALL_PROGRAM='${INSTALL}'
INSTALL_SCRIPT='${INSTALL}'
INSTALL_STRIP_PROGRAM='$(install_sh) -c -s'
JAVA=''
JAVA_COMPARISON_TOOL=''
LCOV=''
LD=''
LDFLAGS='-L/root/SmartCash3/core-smart/depends/x86_64-w64-mingw32/share/../lib '
LEVELDB_CPPFLAGS=''
LEVELDB_TARGET_FLAGS=''
LIBLEVELDB=''
LIBMEMENV=''
LIBOBJS=''
LIBS=''
LIBTOOL=''
LIBTOOL_APP_LDFLAGS=''
LIPO=''
LN_S=''
LRELEASE=''
LTLIBOBJS=''
LT_SYS_LIBRARY_PATH=''
LUPDATE=''
MAINT=''
MAINTAINER_MODE_FALSE=''
MAINTAINER_MODE_TRUE=''
MAKEINFO=''
MAKENSIS=''
MANIFEST_TOOL=''
MINIUPNPC_CPPFLAGS=''
MINIUPNPC_LIBS=''
MKDIR_P='/usr/bin/mkdir -p'
MOC=''
MOC_DEFS=''
NM='x86_64-w64-mingw32-nm'
NMEDIT=''
OBJCOPY=''
OBJCXX='x86_64-w64-mingw32-g++'
OBJCXXDEPMODE=''
OBJCXXFLAGS=''
OBJDUMP=''
OBJEXT=''
OTOOL64=''
OTOOL=''
PACKAGE=''
PACKAGE_BUGREPORT='https://github.com/SmartCash/smartcash/issues'
PACKAGE_NAME='SmartCash'
PACKAGE_STRING='SmartCash 3.0.0'
PACKAGE_TARNAME='smartcash'
PACKAGE_URL='https://smartcash.cc/'
PACKAGE_VERSION='3.0.0'
PATH_SEPARATOR=':'
PIC_FLAGS=''
PIE_FLAGS=''
PKG_CONFIG='/usr/bin/pkg-config --static'
PKG_CONFIG_LIBDIR='/root/SmartCash3/core-smart/depends/x86_64-w64-mingw32/share/../lib/pkgconfig'
PKG_CONFIG_PATH='/root/SmartCash3/core-smart/depends/x86_64-w64-mingw32/share/../share/pkgconfig'
PORT=''
PROTOBUF_CFLAGS=''
PROTOBUF_LIBS=''
PROTOC=''
PTHREAD_CC=''
PTHREAD_CFLAGS=''
PTHREAD_LIBS=''
PYTHON=''
PYTHONPATH='/root/SmartCash3/core-smart/depends/x86_64-w64-mingw32/share/../native/lib/python/dist-packages:'
QR_CFLAGS=''
QR_LIBS=''
QTPLATFORM_CFLAGS=''
QTPLATFORM_LIBS=''
QTPRINT_CFLAGS=''
QTPRINT_LIBS=''
QTXCBQPA_CFLAGS=''
QTXCBQPA_LIBS=''
QT_CFLAGS=''
QT_DBUS_CFLAGS=''
QT_DBUS_INCLUDES=''
QT_DBUS_LIBS=''
QT_INCLUDES=''
QT_LDFLAGS=''
QT_LIBS=''
QT_PIE_FLAGS=''
QT_SELECT=''
QT_TEST_CFLAGS=''
QT_TEST_INCLUDES=''
QT_TEST_LIBS=''
QT_TRANSLATION_DIR=''
RANLIB='x86_64-w64-mingw32-ranlib'
RCC=''
READELF=''
RELDFLAGS=''
RSVG_CONVERT=''
SED=''
SET_MAKE=''
SHANI_CXXFLAGS=''
SHELL='/bin/bash'
SSE41_CXXFLAGS=''
SSE42_CXXFLAGS=''
SSL_CFLAGS=''
SSL_LIBS=''
STRIP='x86_64-w64-mingw32-strip'
TARGET_DARWIN_FALSE=''
TARGET_DARWIN_TRUE=''
TARGET_WINDOWS_FALSE=''
TARGET_WINDOWS_TRUE=''
TESTDEFS=''
TIFFCP=''
UIC=''
UNIVALUE_CFLAGS=''
UNIVALUE_LIBS=''
USE_ASM_FALSE=''
USE_ASM_TRUE=''
USE_COMPARISON_TOOL_FALSE=''
USE_COMPARISON_TOOL_REORG_TESTS_FALSE=''
USE_COMPARISON_TOOL_REORG_TESTS_TRUE=''
USE_COMPARISON_TOOL_TRUE=''
USE_LCOV_FALSE=''
USE_LCOV_TRUE=''
USE_QRCODE=''
USE_QRCODE_FALSE=''
USE_QRCODE_TRUE=''
USE_UPNP=''
VERSION=''
WINDOWS_BITS=''
WINDRES=''
X11XCB_CFLAGS=''
X11XCB_LIBS=''
XGETTEXT=''
ZMQ_CFLAGS=''
ZMQ_LIBS=''
ac_ct_AR=''
ac_ct_CC=''
ac_ct_CXX=''
ac_ct_DUMPBIN=''
ac_ct_OBJCXX=''
am__EXEEXT_FALSE=''
am__EXEEXT_TRUE=''
am__fastdepCC_FALSE=''
am__fastdepCC_TRUE=''
am__fastdepCXX_FALSE=''
am__fastdepCXX_TRUE=''
am__fastdepOBJCXX_FALSE=''
am__fastdepOBJCXX_TRUE=''
am__include=''
am__isrc=' -I$(srcdir)'
am__leading_dot='.'
am__nodep=''
am__quote=''
am__tar=''
am__untar=''
ax_pthread_config=''
bindir='${exec_prefix}/bin'
build='x86_64-pc-linux-gnu'
build_alias=''
build_cpu='x86_64'
build_os='linux-gnu'
build_vendor='pc'
datadir='${datarootdir}'
datarootdir='${prefix}/share'
docdir='${datarootdir}/doc/${PACKAGE_TARNAME}'
dvidir='${docdir}'
exec_prefix='NONE'
host='x86_64-w64-mingw32'
host_alias='x86_64-w64-mingw32'
host_cpu='x86_64'
host_os='mingw32'
host_vendor='w64'
htmldir='${docdir}'
includedir='${prefix}/include'
infodir='${datarootdir}/info'
install_sh='${SHELL} /root/SmartCash3/core-smart/build-aux/install-sh'
libdir='${exec_prefix}/lib'
libexecdir='${exec_prefix}/libexec'
localedir='${datarootdir}/locale'
localstatedir='${prefix}/var'
mandir='${datarootdir}/man'
mkdir_p=''
oldincludedir='/usr/include'
pdfdir='${docdir}'
prefix='/'
program_transform_name='s,x,x,'
psdir='${docdir}'
runstatedir='${localstatedir}/run'
sbindir='${exec_prefix}/sbin'
sharedstatedir='${prefix}/com'
subdirs=''
sysconfdir='${prefix}/etc'
target_alias=''

## ----------- ##
## confdefs.h. ##
## ----------- ##

/* confdefs.h */
#define PACKAGE_NAME "SmartCash"
#define PACKAGE_TARNAME "smartcash"
#define PACKAGE_VERSION "3.0.0"
#define PACKAGE_STRING "SmartCash 3.0.0"
#define PACKAGE_BUGREPORT "https://github.com/SmartCash/smartcash/issues"
#define PACKAGE_URL "https://smartcash.cc/"

configure: exit 1
